part2_rrt {'goal_found': True, 'path': array([[ 1.5       ,  1.5       ],
       [ 1.97113244,  1.66743424],
       [ 2.44226488,  1.83486848],
       [ 2.91339732,  2.00230272],
       [ 2.95812693,  2.50029796],
       [ 2.84186373,  2.98659301],
       [ 2.72560053,  3.47288805],
       [ 2.60933733,  3.95918309],
       [ 2.49307413,  4.44547813],
       [ 2.37681092,  4.93177318],
       [ 2.26054772,  5.41806822],
       [ 2.1494318 ,  5.88283371],
       [ 2.59439913,  6.11087772],
       [ 3.03936646,  6.33892173],
       [ 3.4843338 ,  6.56696575],
       [ 3.25276151,  7.01010711],
       [ 3.02118921,  7.45324848],
       [ 2.78961692,  7.89638985],
       [ 2.55804463,  8.33953122],
       [ 2.32647233,  8.78267259],
       [ 2.09490004,  9.22581396],
       [ 1.86332775,  9.66895533],
       [ 1.63175545, 10.1120967 ],
       [ 1.42836444, 10.50130981],
       [ 1.36057597, 10.99669322],
       [ 1.2927875 , 11.49207663],
       [ 1.2449476 , 11.8416802 ],
       [ 1.34338282, 12.33189495],
       [ 1.44181805, 12.82210971],
       [ 1.54025328, 13.31232446],
       [ 1.6386885 , 13.80253922],
       [ 1.69788914, 14.0973628 ],
       [ 2.19479884, 14.15286734],
       [ 2.69170853, 14.20837188],
       [ 3.18861823, 14.26387642],
       [ 3.68552792, 14.31938096],
       [ 4.18243762, 14.3748855 ],
       [ 4.67934732, 14.43039004],
       [ 4.82922974, 14.44713183],
       [ 5.32898941, 14.46263255],
       [ 5.82874908, 14.47813327],
       [ 6.32850875, 14.49363398],
       [ 6.82826842, 14.5091347 ],
       [ 7.32802809, 14.52463542],
       [ 7.82778776, 14.54013614],
       [ 8.32754743, 14.55563686],
       [ 8.8273071 , 14.57113757],
       [ 9.32706677, 14.58663829],
       [ 9.82682644, 14.60213901],
       [10.32658611, 14.61763973],
       [10.82634578, 14.63314045],
       [11.32610545, 14.64864117],
       [11.82586512, 14.66414188],
       [12.32562479, 14.6796426 ],
       [12.82538446, 14.69514332],
       [13.32514413, 14.71064404],
       [13.82490379, 14.72614476],
       [14.32466346, 14.74164548],
       [14.82442313, 14.75714619],
       [15.3241828 , 14.77264691],
       [15.33221333, 14.27271141],
       [15.34024386, 13.7727759 ],
       [15.34827439, 13.27284039],
       [15.35630491, 12.77290489],
       [15.75526148, 12.47151866],
       [16.15421805, 12.17013244],
       [16.55317462, 11.86874621],
       [16.95213119, 11.56735999],
       [17.35108775, 11.26597376],
       [17.75004432, 10.96458754],
       [18.14900089, 10.66320131],
       [18.45866266, 11.05576925],
       [18.76832444, 11.44833719],
       [18.86577053, 11.57187267],
       [18.85326271, 12.0717162 ],
       [18.84075488, 12.57155973],
       [18.54470578, 12.60023268],
       [18.11147631, 12.84985685],
       [17.95015695, 12.94280808]]), 'node_count': 800, 'time': 1.0543930530548096}
part2_rrt_star {'goal_found': True, 'path': array([[ 1.5       ,  1.5       ],
       [ 3.08620211,  4.12296308],
       [ 6.40130123,  7.1698937 ],
       [ 8.22524454,  9.40786493],
       [ 9.47969117, 11.03550008],
       [11.23787751, 12.24084648],
       [13.71503019, 13.03412448],
       [18.08448187, 12.55464331]]), 'node_count': 249, 'time': 1.9097959995269775}
part2_rrt_star_improved {'goal_found': True, 'path': array([[ 1.5       ,  1.5       ],
       [ 1.5856189 ,  1.95735536],
       [ 4.17105859,  5.43638245],
       [ 4.15841025,  5.43156028],
       [ 6.86908327,  6.84174158],
       [ 9.45056275, 10.53634927],
       [ 9.33245518, 11.29744192],
       [10.27909064, 12.18910982],
       [14.61960072, 13.46032182],
       [15.08660364, 13.28169298],
       [15.58606057, 13.25839543],
       [15.79947859, 12.80623091],
       [16.51947815, 12.7098588 ],
       [16.95394546, 12.46239535],
       [17.38061968, 12.72306583],
       [18.08448187, 12.55464331]]), 'node_count': 249, 'time': 1.6272268295288086}
