part1_random {'goal_found': False, 'path': None, 'node_count': 4739, 'time': 1.6760849952697754}
part1_heuristic {'goal_found': True, 'path': array([[ 1.5       ,  1.5       ],
       [ 1.9240192 ,  1.65069082],
       [ 2.34803839,  1.80138163],
       [ 2.77205759,  1.95207245],
       [ 2.82076322,  2.39942886],
       [ 2.86946885,  2.84678528],
       [ 2.91817448,  3.29414169],
       [ 2.96688011,  3.74149811],
       [ 3.01558574,  4.18885452],
       [ 3.06429138,  4.63621094],
       [ 3.11299701,  5.08356735],
       [ 3.16170264,  5.53092376],
       [ 3.21040827,  5.97828018],
       [ 3.2591139 ,  6.42563659],
       [ 3.30781954,  6.87299301],
       [ 3.35652517,  7.32034942],
       [ 3.4052308 ,  7.76770584],
       [ 3.45393643,  8.21506225],
       [ 3.50264206,  8.66241866],
       [ 3.5513477 ,  9.10977508],
       [ 3.55385172,  9.13277425],
       [ 3.96030948,  9.32588585],
       [ 4.36676724,  9.51899744],
       [ 4.773225  ,  9.71210903],
       [ 5.17968276,  9.90522063],
       [ 5.58614053, 10.09833222],
       [ 5.99259829, 10.29144381],
       [ 6.39905605, 10.48455541],
       [ 6.68334628, 10.13573015],
       [ 6.96763652,  9.78690489],
       [ 7.25192675,  9.43807962],
       [ 7.53621699,  9.08925436],
       [ 7.82050722,  8.7404291 ],
       [ 8.10479745,  8.39160384],
       [ 8.38908769,  8.04277858],
       [ 8.50026446,  8.47882872],
       [ 8.61144124,  8.91487886],
       [ 8.72261802,  9.350929  ],
       [ 8.8337948 ,  9.78697914],
       [ 8.94497157, 10.22302928],
       [ 9.05614835, 10.65907942],
       [ 9.16732513, 11.09512956],
       [ 9.2785019 , 11.53117969],
       [ 9.38967868, 11.96722983],
       [ 9.50085546, 12.40327997],
       [ 9.61203224, 12.83933011],
       [ 9.72320901, 13.27538025],
       [ 9.83438579, 13.71143039],
       [ 9.94556257, 14.14748053],
       [10.00452379, 14.37873429],
       [10.38294143, 14.1352182 ],
       [10.76135908, 13.89170211],
       [11.13977672, 13.64818602],
       [11.51819437, 13.40466993],
       [11.89661201, 13.16115384],
       [12.27502966, 12.91763775],
       [12.6534473 , 12.67412166],
       [13.03186495, 12.43060557],
       [13.46328116, 12.55859014],
       [13.87454459, 12.74124389],
       [14.23418717, 13.0117198 ],
       [14.59382974, 13.28219571],
       [14.95347232, 13.55267162],
       [15.31311489, 13.82314753],
       [15.67275747, 14.09362344],
       [16.03240004, 14.36409935],
       [16.39204262, 14.63457526],
       [16.62946334, 14.81313194],
       [16.57272509, 14.3667232 ],
       [16.51598684, 13.92031445],
       [16.45924859, 13.4739057 ],
       [16.40251034, 13.02749695],
       [16.68317704, 12.67574958],
       [16.96384373, 12.32400222],
       [17.28264119, 12.00640472],
       [17.71659163, 11.88729545],
       [17.93378161, 12.28141283],
       [18.15097159, 12.67553022],
       [17.72944802, 12.83306712],
       [17.96578265, 13.21601091],
       [17.95015695, 12.94280808]]), 'node_count': 4993, 'time': 5.626326322555542}
part1_rrt {'goal_found': True, 'path': array([[ 1.5       ,  1.5       ],
       [ 1.97113244,  1.66743424],
       [ 2.44226488,  1.83486848],
       [ 2.91339732,  2.00230272],
       [ 2.95812693,  2.50029796],
       [ 2.84186373,  2.98659301],
       [ 2.72560053,  3.47288805],
       [ 2.60933733,  3.95918309],
       [ 2.49307413,  4.44547813],
       [ 2.37681092,  4.93177318],
       [ 2.26054772,  5.41806822],
       [ 2.1494318 ,  5.88283371],
       [ 2.59439913,  6.11087772],
       [ 3.03936646,  6.33892173],
       [ 3.4843338 ,  6.56696575],
       [ 3.25276151,  7.01010711],
       [ 3.02118921,  7.45324848],
       [ 2.78961692,  7.89638985],
       [ 2.55804463,  8.33953122],
       [ 2.32647233,  8.78267259],
       [ 2.09490004,  9.22581396],
       [ 1.86332775,  9.66895533],
       [ 1.63175545, 10.1120967 ],
       [ 1.42836444, 10.50130981],
       [ 1.36057597, 10.99669322],
       [ 1.2927875 , 11.49207663],
       [ 1.2449476 , 11.8416802 ],
       [ 1.34338282, 12.33189495],
       [ 1.44181805, 12.82210971],
       [ 1.54025328, 13.31232446],
       [ 1.6386885 , 13.80253922],
       [ 1.69788914, 14.0973628 ],
       [ 2.19479884, 14.15286734],
       [ 2.69170853, 14.20837188],
       [ 3.18861823, 14.26387642],
       [ 3.68552792, 14.31938096],
       [ 4.18243762, 14.3748855 ],
       [ 4.67934732, 14.43039004],
       [ 4.82922974, 14.44713183],
       [ 5.32898941, 14.46263255],
       [ 5.82874908, 14.47813327],
       [ 6.32850875, 14.49363398],
       [ 6.82826842, 14.5091347 ],
       [ 7.32802809, 14.52463542],
       [ 7.82778776, 14.54013614],
       [ 8.32754743, 14.55563686],
       [ 8.8273071 , 14.57113757],
       [ 9.32706677, 14.58663829],
       [ 9.82682644, 14.60213901],
       [10.32658611, 14.61763973],
       [10.82634578, 14.63314045],
       [11.32610545, 14.64864117],
       [11.82586512, 14.66414188],
       [12.32562479, 14.6796426 ],
       [12.82538446, 14.69514332],
       [13.32514413, 14.71064404],
       [13.82490379, 14.72614476],
       [14.32466346, 14.74164548],
       [14.82442313, 14.75714619],
       [15.3241828 , 14.77264691],
       [15.33221333, 14.27271141],
       [15.34024386, 13.7727759 ],
       [15.34827439, 13.27284039],
       [15.35630491, 12.77290489],
       [15.75526148, 12.47151866],
       [16.15421805, 12.17013244],
       [16.55317462, 11.86874621],
       [16.95213119, 11.56735999],
       [17.35108775, 11.26597376],
       [17.75004432, 10.96458754],
       [18.14900089, 10.66320131],
       [18.45866266, 11.05576925],
       [18.76832444, 11.44833719],
       [18.86577053, 11.57187267],
       [18.85326271, 12.0717162 ],
       [18.84075488, 12.57155973],
       [18.54470578, 12.60023268],
       [18.11147631, 12.84985685],
       [17.95015695, 12.94280808]]), 'node_count': 800, 'time': 1.3120152950286865}
